<?xml version="1.0" encoding="UTF-8"?>
<testng-results ignored="0" total="4" passed="4" failed="0" skipped="0">
  <reporter-output>
  </reporter-output>
  <suite started-at="2021-08-12T17:52:48 IST" name="Learning" finished-at="2021-08-12T17:53:00 IST" duration-ms="11765">
    <groups>
    </groups>
    <test started-at="2021-08-12T17:52:48 IST" name="BrowserSelection_E" finished-at="2021-08-12T17:53:00 IST" duration-ms="11754">
      <class name="com.automation.BrowserSelection">
        <test-method is-config="true" signature="browserSelection(java.lang.String)[pri:0, instance:com.automation.BrowserSelection@57db2b13]" started-at="2021-08-12T17:52:48 IST" name="browserSelection" finished-at="2021-08-12T17:52:50 IST" duration-ms="2036" status="PASS">
          <params>
            <param index="0">
              <value>
                <![CDATA[EDGE]]>
              </value>
            </param>
          </params>
          <reporter-output>
          </reporter-output>
        </test-method> <!-- browserSelection -->
        <test-method signature="addCart(java.lang.String,java.lang.String)[pri:0, instance:com.automation.BrowserSelection@57db2b13]" started-at="2021-08-12T17:52:50 IST" name="addCart" data-provider="getTestData" finished-at="2021-08-12T17:52:55 IST" duration-ms="5041" status="PASS">
          <params>
            <param index="0">
              <value>
                <![CDATA[standard_user]]>
              </value>
            </param>
            <param index="1">
              <value>
                <![CDATA[secret_sauce]]>
              </value>
            </param>
          </params>
          <reporter-output>
          </reporter-output>
        </test-method> <!-- addCart -->
        <test-method signature="addCart(java.lang.String,java.lang.String)[pri:0, instance:com.automation.BrowserSelection@57db2b13]" started-at="2021-08-12T17:52:55 IST" name="addCart" data-provider="getTestData" finished-at="2021-08-12T17:53:00 IST" duration-ms="4653" status="PASS">
          <params>
            <param index="0">
              <value>
                <![CDATA[standard_user]]>
              </value>
            </param>
            <param index="1">
              <value>
                <![CDATA[secret_sauce]]>
              </value>
            </param>
          </params>
          <reporter-output>
          </reporter-output>
        </test-method> <!-- addCart -->
      </class> <!-- com.automation.BrowserSelection -->
    </test> <!-- BrowserSelection_E -->
    <test started-at="2021-08-12T17:52:48 IST" name="BrowserSelection_c" finished-at="2021-08-12T17:53:00 IST" duration-ms="11765">
      <class name="com.automation.BrowserSelection">
        <test-method is-config="true" signature="browserSelection(java.lang.String)[pri:0, instance:com.automation.BrowserSelection@5fb759d6]" started-at="2021-08-12T17:52:48 IST" name="browserSelection" finished-at="2021-08-12T17:52:50 IST" duration-ms="2038" status="PASS">
          <params>
            <param index="0">
              <value>
                <![CDATA[Chrome]]>
              </value>
            </param>
          </params>
          <reporter-output>
          </reporter-output>
        </test-method> <!-- browserSelection -->
        <test-method signature="addCart(java.lang.String,java.lang.String)[pri:0, instance:com.automation.BrowserSelection@5fb759d6]" started-at="2021-08-12T17:52:50 IST" name="addCart" data-provider="getTestData" finished-at="2021-08-12T17:52:55 IST" duration-ms="5031" status="PASS">
          <params>
            <param index="0">
              <value>
                <![CDATA[standard_user]]>
              </value>
            </param>
            <param index="1">
              <value>
                <![CDATA[secret_sauce]]>
              </value>
            </param>
          </params>
          <reporter-output>
          </reporter-output>
        </test-method> <!-- addCart -->
        <test-method signature="addCart(java.lang.String,java.lang.String)[pri:0, instance:com.automation.BrowserSelection@5fb759d6]" started-at="2021-08-12T17:52:55 IST" name="addCart" data-provider="getTestData" finished-at="2021-08-12T17:53:00 IST" duration-ms="4674" status="PASS">
          <params>
            <param index="0">
              <value>
                <![CDATA[standard_user]]>
              </value>
            </param>
            <param index="1">
              <value>
                <![CDATA[secret_sauce]]>
              </value>
            </param>
          </params>
          <reporter-output>
          </reporter-output>
        </test-method> <!-- addCart -->
      </class> <!-- com.automation.BrowserSelection -->
    </test> <!-- BrowserSelection_c -->
  </suite> <!-- Learning -->
</testng-results>
