<?xml version="1.0" encoding="UTF-8"?>
<testng-results ignored="2" total="3" passed="1" failed="0" skipped="0">
  <reporter-output>
  </reporter-output>
  <suite started-at="2021-08-13T11:10:30 IST" name="Default suite" finished-at="2021-08-13T11:10:31 IST" duration-ms="305">
    <groups>
    </groups>
    <test started-at="2021-08-13T11:10:30 IST" name="Default test" finished-at="2021-08-13T11:10:31 IST" duration-ms="305">
      <class name="com.automation.JDBCtest1">
        <test-method signature="groupBySQL()[pri:0, instance:com.automation.JDBCtest1@54bff557]" started-at="2021-08-13T11:10:30 IST" name="groupBySQL" finished-at="2021-08-13T11:10:31 IST" duration-ms="281" status="PASS">
          <reporter-output>
          </reporter-output>
        </test-method> <!-- groupBySQL -->
      </class> <!-- com.automation.JDBCtest1 -->
    </test> <!-- Default test -->
  </suite> <!-- Default suite -->
</testng-results>
