<?xml version="1.0" encoding="UTF-8"?>
<!-- Generated by org.testng.reporters.JUnitXMLReporter -->
<testsuite ignored="2" hostname="INHYDL4407" failures="0" tests="1" name="Default test" time="0.305" errors="0" timestamp="2021-08-13T11:10:31 IST">
  <testcase classname="com.automation.JDBCtest1" name="groupBySQL" time="0.281"/>
  <testcase classname="com.automation.JDBCtest1" name="rowsDescOrderSQL" time="0.0">
    <ignored/>
  </testcase> <!-- rowsDescOrderSQL -->
  <testcase classname="com.automation.JDBCtest1" name="MySQLTest" time="0.0">
    <ignored/>
  </testcase> <!-- MySQLTest -->
</testsuite> <!-- Default test -->
