<?xml version="1.0" encoding="UTF-8"?>
<!-- Generated by org.testng.reporters.JUnitXMLReporter -->
<testsuite ignored="0" hostname="INHYDL4407" failures="2" tests="3" name="BrowserSelection" time="7.304" errors="0" timestamp="2021-08-10T19:11:19 IST">
  <testcase classname="com.automation.BrowserSelection" name="addCart" time="5.499"/>
  <testcase classname="com.automation.BrowserSelection" name="addCart" time="0.058">
    <failure type="java.lang.IllegalArgumentException" message="Keys to send should be a not null CharSequence">
      <![CDATA[java.lang.IllegalArgumentException: Keys to send should be a not null CharSequence
at org.openqa.selenium.remote.RemoteWebElement.sendKeys(RemoteWebElement.java:97)
at com.automation.BrowserSelection.addCart(BrowserSelection.java:63)
at java.base/java.util.ArrayList.forEach(ArrayList.java:1540)
... Removed 27 stack frames]]>
    </failure>
  </testcase> <!-- addCart -->
  <testcase classname="com.automation.BrowserSelection" name="addCart" time="0.044">
    <failure type="java.lang.IllegalArgumentException" message="Keys to send should be a not null CharSequence">
      <![CDATA[java.lang.IllegalArgumentException: Keys to send should be a not null CharSequence
at org.openqa.selenium.remote.RemoteWebElement.sendKeys(RemoteWebElement.java:97)
at com.automation.BrowserSelection.addCart(BrowserSelection.java:63)
at java.base/java.util.ArrayList.forEach(ArrayList.java:1540)
... Removed 27 stack frames]]>
    </failure>
  </testcase> <!-- addCart -->
</testsuite> <!-- BrowserSelection -->
