<?xml version="1.0" encoding="UTF-8"?>
<!-- Generated by org.testng.reporters.JUnitXMLReporter -->
<testsuite ignored="3" hostname="INHYDL4407" failures="0" tests="2" name="TestNGSelect" time="73.074" errors="0" timestamp="2021-08-08T20:29:12 IST">
  <testcase classname="com.automation.TestNGSelect" name="addToCart" time="13.301"/>
  <testcase classname="com.automation.TestNGSelect" name="addToCart1" time="11.191"/>
  <testcase classname="com.automation.TestNGSelect" name="test1" time="0.0">
    <ignored/>
  </testcase> <!-- test1 -->
  <testcase classname="com.automation.TestNGSelect" name="test3" time="0.0">
    <ignored/>
  </testcase> <!-- test3 -->
  <testcase classname="com.automation.TestNGSelect" name="test2" time="0.0">
    <ignored/>
  </testcase> <!-- test2 -->
</testsuite> <!-- TestNGSelect -->
